
**** 03/24/17 12:31:33 ****** PSpice Lite (October 2012) ****** ID# 10813 ****

 ** Fractional Order KHN simulation - Winter Training (30/EC/14)


 ****     CIRCUIT DESCRIPTION


******************************************************************************




.lib eval.lib

** Fractional Capacitance Simulation - Order = 1.5 C(alpha)
Rax 7 200 111.1
Rbx 200 300 251.7
Rcx 300 400 378.7
Rdx 400 500 888.9
Rex 500 8 7.369k
Cbx 200 300 83.8nF
Ccx 300 400 0.296uF
Cdx 400 500 0.537uF
Cex 500 8 0.695uF

** Fractional Capacitance Simulation - Order = 1.1 C(Beta)
Ray 5 20 658.7
Rby 20 30 196.3
Rcy 30 40 134.6
Rdy 40 50 159.0
Rey 50 6 369.5
Cby 20 30 68.9nF
Ccy 30 40 0.627uF
Cdy 40 50 2.18uF
Cey 50 6 6.64uF

** KHN Ckt
X1 2 3 71 41 4 UA741
X2 0 5 72 42 6 UA741
X3 0 7 73 43 8 UA741
R1 4 5 1k
R2 6 7 2k
R3 2 6 3k
R4 1 2 4k
R5 3 4 5k
R6 3 8 6k
Vcc1+ 71 0 dc 12V
Vcc1- 41 0 dc -12V
Vcc2+ 72 0 dc 12V
Vcc2- 42 0 dc -12V
Vcc3+ 73 0 dc 12V
Vcc3- 43 0 dc -12V
Vin 1 0 ac 1V

.ac dec 50 1Hz 1MegHz
.probe
.end

**** 03/24/17 12:31:33 ****** PSpice Lite (October 2012) ****** ID# 10813 ****

 ** Fractional Order KHN simulation - Winter Training (30/EC/14)


 ****     Diode MODEL PARAMETERS


******************************************************************************




               X1.dx           X2.dx           X3.dx           
          IS  800.000000E-18  800.000000E-18  800.000000E-18 
          RS    1               1               1            


**** 03/24/17 12:31:33 ****** PSpice Lite (October 2012) ****** ID# 10813 ****

 ** Fractional Order KHN simulation - Winter Training (30/EC/14)


 ****     BJT MODEL PARAMETERS


******************************************************************************




               X1.qx           X2.qx           X3.qx           
               NPN             NPN             NPN             
       LEVEL    1               1               1            
          IS  800.000000E-18  800.000000E-18  800.000000E-18 
          BF   93.75           93.75           93.75         
          NF    1               1               1            
          BR    1               1               1            
          NR    1               1               1            
         ISS    0               0               0            
          RE    0               0               0            
          RC    0               0               0            
         CJE    0               0               0            
         VJE     .75             .75             .75         
         CJC    0               0               0            
         VJC     .75             .75             .75         
         MJC     .33             .33             .33         
        XCJC    1               1               1            
         CJS    0               0               0            
         VJS     .75             .75             .75         
          KF    0               0               0            
          AF    1               1               1            
          CN    2.42            2.42            2.42         
           D     .87             .87             .87         


**** 03/24/17 12:31:33 ****** PSpice Lite (October 2012) ****** ID# 10813 ****

 ** Fractional Order KHN simulation - Winter Training (30/EC/14)


 ****     SMALL SIGNAL BIAS SOLUTION       TEMPERATURE =   27.000 DEG C


******************************************************************************



 NODE   VOLTAGE     NODE   VOLTAGE     NODE   VOLTAGE     NODE   VOLTAGE


(    1)    0.0000  (    2)-72.31E-06  (    3)-53.06E-06  (    4) 37.50E-06      

(    5) 19.25E-06  (    6) 112.6E-06  (    7) 19.25E-06  (    8) 316.9E-06      

(   20) 59.77E-06  (   30) 71.85E-06  (   40) 80.13E-06  (   41)  -12.0000      

(   42)  -12.0000  (   43)  -12.0000  (   50) 89.91E-06  (   71)   12.0000      

(   72)   12.0000  (   73)   12.0000  (  200) 22.92E-06  (  300) 31.25E-06      

(  400) 43.77E-06  (  500) 73.17E-06  ( X1.6)-4.414E-09  ( X1.7) 39.32E-06      

( X1.8) 39.32E-06  ( X1.9)    0.0000  ( X2.6)-13.35E-09  ( X2.7) 121.1E-06      

( X2.8) 121.1E-06  ( X2.9)    0.0000  ( X3.6)-31.63E-09  ( X3.7) 321.6E-06      

( X3.8) 321.6E-06  ( X3.9)    0.0000  (X1.10)    -.6077  (X1.11)   11.9600      

(X1.12)   11.9600  (X1.13)    -.5939  (X1.14)    -.5939  (X1.53)   11.0000      

(X1.54)  -11.0000  (X1.90) 36.36E-06  (X1.91)   40.0000  (X1.92)  -40.0000      

(X1.99)    0.0000  (X2.10)    -.6077  (X2.11)   11.9600  (X2.12)   11.9600      

(X2.13)    -.5938  (X2.14)    -.5938  (X2.53)   11.0000  (X2.54)  -11.0000      

(X2.90) 169.9E-06  (X2.91)   40.0000  (X2.92)  -40.0000  (X2.99)    0.0000      

(X3.10)    -.6077  (X3.11)   11.9600  (X3.12)   11.9600  (X3.13)    -.5938      

(X3.14)    -.5938  (X3.53)   11.0000  (X3.54)  -11.0000  (X3.90) 94.72E-06      

(X3.91)   40.0000  (X3.92)  -40.0000  (X3.99)    0.0000  




    VOLTAGE SOURCE CURRENTS
    NAME         CURRENT

    Vcc1+       -1.337E-03
    Vcc1-        1.337E-03
    Vcc2+       -1.337E-03
    Vcc2-        1.337E-03
    Vcc3+       -1.337E-03
    Vcc3-        1.337E-03
    Vin         -1.808E-08
    X1.vb       -4.414E-14
    X1.vc        1.100E-11
    X1.ve        1.100E-11
    X1.vlim      3.636E-08
    X1.vlp      -4.000E-11
    X1.vln      -4.000E-11
    X2.vb       -1.335E-13
    X2.vc        1.100E-11
    X2.ve        1.100E-11
    X2.vlim      1.699E-07
    X2.vlp      -4.000E-11
    X2.vln      -4.000E-11
    X3.vb       -3.163E-13
    X3.vc        1.100E-11
    X3.ve        1.100E-11
    X3.vlim      9.472E-08
    X3.vlp      -4.000E-11
    X3.vln      -4.000E-11

    TOTAL POWER DISSIPATION   9.62E-02  WATTS



          JOB CONCLUDED

**** 03/24/17 12:31:33 ****** PSpice Lite (October 2012) ****** ID# 10813 ****

 ** Fractional Order KHN simulation - Winter Training (30/EC/14)


 ****     JOB STATISTICS SUMMARY


******************************************************************************



  Total job time (using Solver 1)   =         .24
